Performing C++ SOURCE FILE Test CMAKE_HAVE_LIBC_PTHREAD failed with the following output:
Change Dir: /home/zzy/c++/毕业设计/app-/NetworkAnalyse/build/CMakeFiles/CMakeTmp

Run Build Command(s):/usr/bin/make cmTC_82c95/fast && /usr/bin/make -f CMakeFiles/cmTC_82c95.dir/build.make CMakeFiles/cmTC_82c95.dir/build
make[1]: 进入目录“/home/zzy/c++/毕业设计/app-/NetworkAnalyse/build/CMakeFiles/CMakeTmp”
Building CXX object CMakeFiles/cmTC_82c95.dir/src.cxx.o
/usr/bin/g++    -DCMAKE_HAVE_LIBC_PTHREAD   -std=gnu++17 -o CMakeFiles/cmTC_82c95.dir/src.cxx.o -c /home/zzy/c++/毕业设计/app-/NetworkAnalyse/build/CMakeFiles/CMakeTmp/src.cxx
Linking CXX executable cmTC_82c95
/usr/bin/cmake -E cmake_link_script CMakeFiles/cmTC_82c95.dir/link.txt --verbose=1
/usr/bin/g++   -DCMAKE_HAVE_LIBC_PTHREAD    CMakeFiles/cmTC_82c95.dir/src.cxx.o  -o cmTC_82c95 
/usr/bin/ld: CMakeFiles/cmTC_82c95.dir/src.cxx.o: in function `main':
src.cxx:(.text+0x46): undefined reference to `pthread_create'
/usr/bin/ld: src.cxx:(.text+0x52): undefined reference to `pthread_detach'
/usr/bin/ld: src.cxx:(.text+0x63): undefined reference to `pthread_join'
collect2: error: ld returned 1 exit status
make[1]: *** [CMakeFiles/cmTC_82c95.dir/build.make:87：cmTC_82c95] 错误 1
make[1]: 离开目录“/home/zzy/c++/毕业设计/app-/NetworkAnalyse/build/CMakeFiles/CMakeTmp”
make: *** [Makefile:121：cmTC_82c95/fast] 错误 2


Source file was:
#include <pthread.h>

void* test_func(void* data)
{
  return data;
}

int main(void)
{
  pthread_t thread;
  pthread_create(&thread, NULL, test_func, NULL);
  pthread_detach(thread);
  pthread_join(thread, NULL);
  pthread_atfork(NULL, NULL, NULL);
  pthread_exit(NULL);

  return 0;
}

Determining if the function pthread_create exists in the pthreads failed with the following output:
Change Dir: /home/zzy/c++/毕业设计/app-/NetworkAnalyse/build/CMakeFiles/CMakeTmp

Run Build Command(s):/usr/bin/make cmTC_032ac/fast && /usr/bin/make -f CMakeFiles/cmTC_032ac.dir/build.make CMakeFiles/cmTC_032ac.dir/build
make[1]: 进入目录“/home/zzy/c++/毕业设计/app-/NetworkAnalyse/build/CMakeFiles/CMakeTmp”
Building CXX object CMakeFiles/cmTC_032ac.dir/CheckFunctionExists.cxx.o
/usr/bin/g++    -DCHECK_FUNCTION_EXISTS=pthread_create   -std=gnu++17 -o CMakeFiles/cmTC_032ac.dir/CheckFunctionExists.cxx.o -c /home/zzy/c++/毕业设计/app-/NetworkAnalyse/build/CMakeFiles/CheckLibraryExists/CheckFunctionExists.cxx
Linking CXX executable cmTC_032ac
/usr/bin/cmake -E cmake_link_script CMakeFiles/cmTC_032ac.dir/link.txt --verbose=1
/usr/bin/g++   -DCHECK_FUNCTION_EXISTS=pthread_create    CMakeFiles/cmTC_032ac.dir/CheckFunctionExists.cxx.o  -o cmTC_032ac  -lpthreads 
/usr/bin/ld: 找不到 -lpthreads
collect2: error: ld returned 1 exit status
make[1]: *** [CMakeFiles/cmTC_032ac.dir/build.make:87：cmTC_032ac] 错误 1
make[1]: 离开目录“/home/zzy/c++/毕业设计/app-/NetworkAnalyse/build/CMakeFiles/CMakeTmp”
make: *** [Makefile:121：cmTC_032ac/fast] 错误 2



